<?xml version="1.0" encoding="UTF-8"?>
<testng-results ignored="0" total="2" passed="2" failed="0" skipped="0">
  <reporter-output>
  </reporter-output>
  <suite started-at="2021-12-09T14:04:57 IST" name="Default Suite" finished-at="2021-12-09T14:05:04 IST" duration-ms="7204">
    <groups>
    </groups>
    <test started-at="2021-12-09T14:04:57 IST" name="SeleniumPractice" finished-at="2021-12-09T14:05:04 IST" duration-ms="7204">
      <class name="com.qa.testcases.LoginTest">
        <test-method is-config="true" signature="setUp()[pri:0, instance:com.qa.testcases.LoginTest@3857f613]" started-at="2021-12-09T14:04:57 IST" name="setUp" finished-at="2021-12-09T14:05:00 IST" duration-ms="3703" status="PASS">
          <reporter-output>
          </reporter-output>
        </test-method> <!-- setUp -->
        <test-method signature="loginPageTitle()[pri:1, instance:com.qa.testcases.LoginTest@3857f613]" started-at="2021-12-09T14:05:00 IST" name="loginPageTitle" finished-at="2021-12-09T14:05:00 IST" duration-ms="9" status="PASS">
          <reporter-output>
          </reporter-output>
        </test-method> <!-- loginPageTitle -->
        <test-method is-config="true" signature="setUp()[pri:0, instance:com.qa.testcases.LoginTest@3857f613]" started-at="2021-12-09T14:05:00 IST" name="setUp" finished-at="2021-12-09T14:05:03 IST" duration-ms="3099" status="PASS">
          <reporter-output>
          </reporter-output>
        </test-method> <!-- setUp -->
        <test-method signature="loginTest()[pri:2, instance:com.qa.testcases.LoginTest@3857f613]" started-at="2021-12-09T14:05:03 IST" name="loginTest" finished-at="2021-12-09T14:05:04 IST" duration-ms="365" status="PASS">
          <reporter-output>
          </reporter-output>
        </test-method> <!-- loginTest -->
      </class> <!-- com.qa.testcases.LoginTest -->
    </test> <!-- SeleniumPractice -->
  </suite> <!-- Default Suite -->
</testng-results>
